#! /usr/bin/vvp
:ivl_version "12.0 (stable)";
:ivl_delay_selection "TYPICAL";
:vpi_time_precision - 12;
:vpi_module "/usr/lib/x86_64-linux-gnu/ivl/system.vpi";
:vpi_module "/usr/lib/x86_64-linux-gnu/ivl/vhdl_sys.vpi";
:vpi_module "/usr/lib/x86_64-linux-gnu/ivl/vhdl_textio.vpi";
:vpi_module "/usr/lib/x86_64-linux-gnu/ivl/v2005_math.vpi";
:vpi_module "/usr/lib/x86_64-linux-gnu/ivl/va_math.vpi";
:vpi_module "/usr/lib/x86_64-linux-gnu/ivl/v2009.vpi";
S_0x56491aedf890 .scope package, "$unit" "$unit" 2 1;
 .timescale 0 0;
S_0x56491aeda9c0 .scope module, "tb_cla" "tb_cla" 3 5;
 .timescale -9 -12;
v0x56491af250b0_0 .var "a", 3 0;
v0x56491af25190_0 .var "b", 3 0;
v0x56491af25260_0 .var "cin", 0 0;
v0x56491af25330_0 .net "cout", 0 0, L_0x56491af29660;  1 drivers
v0x56491af253d0_0 .net "sum", 3 0, L_0x56491af2b580;  1 drivers
S_0x56491aef54a0 .scope module, "dut" "cla" 3 10, 4 3 0, S_0x56491aeda9c0;
 .timescale 0 0;
    .port_info 0 /INPUT 4 "x";
    .port_info 1 /INPUT 4 "y";
    .port_info 2 /INPUT 1 "cin";
    .port_info 3 /OUTPUT 4 "sum";
    .port_info 4 /OUTPUT 1 "cout";
P_0x56491aefe330 .param/l "N" 0 4 3, +C4<00000000000000000000000000000100>;
L_0x56491af254c0 .functor AND 4, v0x56491af250b0_0, v0x56491af25190_0, C4<1111>, C4<1111>;
L_0x56491af25600 .functor XOR 4, v0x56491af250b0_0, v0x56491af25190_0, C4<0000>, C4<0000>;
L_0x56491af25850 .functor AND 1, L_0x56491af25760, v0x56491af25260_0, C4<1>, C4<1>;
L_0x56491af25910 .functor OR 1, L_0x56491af25670, L_0x56491af25850, C4<0>, C4<0>;
L_0x56491af25cb0 .functor AND 1, L_0x56491af25b40, L_0x56491af25c10, C4<1>, C4<1>;
L_0x56491af25d70 .functor OR 1, L_0x56491af25aa0, L_0x56491af25cb0, C4<0>, C4<0>;
L_0x56491af260d0 .functor AND 1, L_0x56491af25ec0, L_0x56491af26030, C4<1>, C4<1>;
L_0x56491af26190 .functor AND 1, L_0x56491af260d0, v0x56491af25260_0, C4<1>, C4<1>;
L_0x56491af26330 .functor OR 1, L_0x56491af25d70, L_0x56491af26190, C4<0>, C4<0>;
L_0x56491af266d0 .functor AND 1, L_0x56491af26530, L_0x56491af265d0, C4<1>, C4<1>;
L_0x56491af267f0 .functor OR 1, L_0x56491af26440, L_0x56491af266d0, C4<0>, C4<0>;
L_0x56491af26a60 .functor AND 1, L_0x56491af268b0, L_0x56491af26950, C4<1>, C4<1>;
L_0x56491af26c80 .functor AND 1, L_0x56491af26a60, L_0x56491af26be0, C4<1>, C4<1>;
L_0x56491af26d90 .functor OR 1, L_0x56491af267f0, L_0x56491af26c80, C4<0>, C4<0>;
L_0x56491af269f0 .functor AND 1, L_0x56491af26f20, L_0x56491af27040, C4<1>, C4<1>;
L_0x56491af26b70 .functor AND 1, L_0x56491af269f0, L_0x56491af27180, C4<1>, C4<1>;
L_0x56491af273e0 .functor AND 1, L_0x56491af26b70, v0x56491af25260_0, C4<1>, C4<1>;
L_0x56491af274a0 .functor OR 1, L_0x56491af26d90, L_0x56491af273e0, C4<0>, C4<0>;
L_0x56491af27920 .functor AND 1, L_0x56491af27740, L_0x56491af27880, C4<1>, C4<1>;
L_0x56491af27a30 .functor OR 1, L_0x56491af276a0, L_0x56491af27920, C4<0>, C4<0>;
L_0x56491af27ca0 .functor AND 1, L_0x56491af27600, L_0x56491af277e0, C4<1>, C4<1>;
L_0x56491af27f10 .functor AND 1, L_0x56491af27ca0, L_0x56491af27db0, C4<1>, C4<1>;
L_0x56491af280e0 .functor OR 1, L_0x56491af27a30, L_0x56491af27f10, C4<0>, C4<0>;
L_0x56491af28400 .functor AND 1, L_0x56491af281f0, L_0x56491af28290, C4<1>, C4<1>;
L_0x56491af28680 .functor AND 1, L_0x56491af28400, L_0x56491af285e0, C4<1>, C4<1>;
L_0x56491af28910 .functor AND 1, L_0x56491af28680, L_0x56491af28790, C4<1>, C4<1>;
L_0x56491af28b00 .functor OR 1, L_0x56491af280e0, L_0x56491af28910, C4<0>, C4<0>;
L_0x56491af28e40 .functor AND 1, L_0x56491af28c10, L_0x56491af28cb0, C4<1>, C4<1>;
L_0x56491af290e0 .functor AND 1, L_0x56491af28e40, L_0x56491af29040, C4<1>, C4<1>;
L_0x56491af29390 .functor AND 1, L_0x56491af290e0, L_0x56491af291f0, C4<1>, C4<1>;
L_0x56491af295a0 .functor AND 1, L_0x56491af29390, v0x56491af25260_0, C4<1>, C4<1>;
L_0x56491af29660 .functor OR 1, L_0x56491af28b00, L_0x56491af295a0, C4<0>, C4<0>;
v0x56491af21080_0 .net *"_ivl_101", 0 0, L_0x56491af28790;  1 drivers
v0x56491af21180_0 .net *"_ivl_102", 0 0, L_0x56491af28910;  1 drivers
v0x56491af21260_0 .net *"_ivl_104", 0 0, L_0x56491af28b00;  1 drivers
v0x56491af21320_0 .net *"_ivl_107", 0 0, L_0x56491af28c10;  1 drivers
v0x56491af21400_0 .net *"_ivl_109", 0 0, L_0x56491af28cb0;  1 drivers
v0x56491af214e0_0 .net *"_ivl_110", 0 0, L_0x56491af28e40;  1 drivers
v0x56491af215c0_0 .net *"_ivl_113", 0 0, L_0x56491af29040;  1 drivers
v0x56491af216a0_0 .net *"_ivl_114", 0 0, L_0x56491af290e0;  1 drivers
v0x56491af21780_0 .net *"_ivl_117", 0 0, L_0x56491af291f0;  1 drivers
v0x56491af218f0_0 .net *"_ivl_118", 0 0, L_0x56491af29390;  1 drivers
v0x56491af219d0_0 .net *"_ivl_120", 0 0, L_0x56491af295a0;  1 drivers
v0x56491af21ab0_0 .net *"_ivl_13", 0 0, L_0x56491af25aa0;  1 drivers
v0x56491af21b90_0 .net *"_ivl_15", 0 0, L_0x56491af25b40;  1 drivers
v0x56491af21c70_0 .net *"_ivl_17", 0 0, L_0x56491af25c10;  1 drivers
v0x56491af21d50_0 .net *"_ivl_18", 0 0, L_0x56491af25cb0;  1 drivers
v0x56491af21e30_0 .net *"_ivl_20", 0 0, L_0x56491af25d70;  1 drivers
v0x56491af21f10_0 .net *"_ivl_23", 0 0, L_0x56491af25ec0;  1 drivers
v0x56491af21ff0_0 .net *"_ivl_25", 0 0, L_0x56491af26030;  1 drivers
v0x56491af220d0_0 .net *"_ivl_26", 0 0, L_0x56491af260d0;  1 drivers
v0x56491af221b0_0 .net *"_ivl_28", 0 0, L_0x56491af26190;  1 drivers
v0x56491af22290_0 .net *"_ivl_33", 0 0, L_0x56491af26440;  1 drivers
v0x56491af22370_0 .net *"_ivl_35", 0 0, L_0x56491af26530;  1 drivers
v0x56491af22450_0 .net *"_ivl_37", 0 0, L_0x56491af265d0;  1 drivers
v0x56491af22530_0 .net *"_ivl_38", 0 0, L_0x56491af266d0;  1 drivers
v0x56491af22610_0 .net *"_ivl_40", 0 0, L_0x56491af267f0;  1 drivers
v0x56491af226f0_0 .net *"_ivl_43", 0 0, L_0x56491af268b0;  1 drivers
v0x56491af227d0_0 .net *"_ivl_45", 0 0, L_0x56491af26950;  1 drivers
v0x56491af228b0_0 .net *"_ivl_46", 0 0, L_0x56491af26a60;  1 drivers
v0x56491af22990_0 .net *"_ivl_49", 0 0, L_0x56491af26be0;  1 drivers
v0x56491af22a70_0 .net *"_ivl_5", 0 0, L_0x56491af25670;  1 drivers
v0x56491af22b50_0 .net *"_ivl_50", 0 0, L_0x56491af26c80;  1 drivers
v0x56491af22c30_0 .net *"_ivl_52", 0 0, L_0x56491af26d90;  1 drivers
v0x56491af22d10_0 .net *"_ivl_55", 0 0, L_0x56491af26f20;  1 drivers
v0x56491af23000_0 .net *"_ivl_57", 0 0, L_0x56491af27040;  1 drivers
v0x56491af230e0_0 .net *"_ivl_58", 0 0, L_0x56491af269f0;  1 drivers
v0x56491af231c0_0 .net *"_ivl_61", 0 0, L_0x56491af27180;  1 drivers
v0x56491af232a0_0 .net *"_ivl_62", 0 0, L_0x56491af26b70;  1 drivers
v0x56491af23380_0 .net *"_ivl_64", 0 0, L_0x56491af273e0;  1 drivers
v0x56491af23460_0 .net *"_ivl_69", 0 0, L_0x56491af276a0;  1 drivers
v0x56491af23540_0 .net *"_ivl_7", 0 0, L_0x56491af25760;  1 drivers
v0x56491af23620_0 .net *"_ivl_71", 0 0, L_0x56491af27740;  1 drivers
v0x56491af23700_0 .net *"_ivl_73", 0 0, L_0x56491af27880;  1 drivers
v0x56491af237e0_0 .net *"_ivl_74", 0 0, L_0x56491af27920;  1 drivers
v0x56491af238c0_0 .net *"_ivl_76", 0 0, L_0x56491af27a30;  1 drivers
v0x56491af239a0_0 .net *"_ivl_79", 0 0, L_0x56491af27600;  1 drivers
v0x56491af23a80_0 .net *"_ivl_8", 0 0, L_0x56491af25850;  1 drivers
v0x56491af23b60_0 .net *"_ivl_81", 0 0, L_0x56491af277e0;  1 drivers
v0x56491af23c40_0 .net *"_ivl_82", 0 0, L_0x56491af27ca0;  1 drivers
v0x56491af23d20_0 .net *"_ivl_85", 0 0, L_0x56491af27db0;  1 drivers
v0x56491af23e00_0 .net *"_ivl_86", 0 0, L_0x56491af27f10;  1 drivers
v0x56491af23ee0_0 .net *"_ivl_88", 0 0, L_0x56491af280e0;  1 drivers
v0x56491af23fc0_0 .net *"_ivl_91", 0 0, L_0x56491af281f0;  1 drivers
v0x56491af240a0_0 .net *"_ivl_93", 0 0, L_0x56491af28290;  1 drivers
v0x56491af24180_0 .net *"_ivl_94", 0 0, L_0x56491af28400;  1 drivers
v0x56491af24260_0 .net *"_ivl_97", 0 0, L_0x56491af285e0;  1 drivers
v0x56491af24340_0 .net *"_ivl_98", 0 0, L_0x56491af28680;  1 drivers
v0x56491af24420_0 .net "c1", 0 0, L_0x56491af25910;  1 drivers
v0x56491af244c0_0 .net "c2", 0 0, L_0x56491af26330;  1 drivers
v0x56491af24590_0 .net "c3", 0 0, L_0x56491af274a0;  1 drivers
v0x56491af24660_0 .net "cin", 0 0, v0x56491af25260_0;  1 drivers
v0x56491af24730_0 .net "cout", 0 0, L_0x56491af29660;  alias, 1 drivers
v0x56491af247d0_0 .net "g", 3 0, L_0x56491af254c0;  1 drivers
v0x56491af24870_0 .net "p", 3 0, L_0x56491af25600;  1 drivers
v0x56491af24930_0 .net "sum", 3 0, L_0x56491af2b580;  alias, 1 drivers
v0x56491af24a10_0 .net "x", 3 0, v0x56491af250b0_0;  1 drivers
v0x56491af24f00_0 .net "y", 3 0, v0x56491af25190_0;  1 drivers
L_0x56491af25670 .part L_0x56491af254c0, 0, 1;
L_0x56491af25760 .part L_0x56491af25600, 0, 1;
L_0x56491af25aa0 .part L_0x56491af254c0, 1, 1;
L_0x56491af25b40 .part L_0x56491af254c0, 0, 1;
L_0x56491af25c10 .part L_0x56491af25600, 1, 1;
L_0x56491af25ec0 .part L_0x56491af25600, 1, 1;
L_0x56491af26030 .part L_0x56491af25600, 0, 1;
L_0x56491af26440 .part L_0x56491af254c0, 2, 1;
L_0x56491af26530 .part L_0x56491af254c0, 1, 1;
L_0x56491af265d0 .part L_0x56491af25600, 2, 1;
L_0x56491af268b0 .part L_0x56491af254c0, 0, 1;
L_0x56491af26950 .part L_0x56491af25600, 2, 1;
L_0x56491af26be0 .part L_0x56491af25600, 1, 1;
L_0x56491af26f20 .part L_0x56491af25600, 2, 1;
L_0x56491af27040 .part L_0x56491af25600, 1, 1;
L_0x56491af27180 .part L_0x56491af25600, 0, 1;
L_0x56491af276a0 .part L_0x56491af254c0, 3, 1;
L_0x56491af27740 .part L_0x56491af254c0, 2, 1;
L_0x56491af27880 .part L_0x56491af25600, 3, 1;
L_0x56491af27600 .part L_0x56491af254c0, 1, 1;
L_0x56491af277e0 .part L_0x56491af25600, 3, 1;
L_0x56491af27db0 .part L_0x56491af25600, 2, 1;
L_0x56491af281f0 .part L_0x56491af254c0, 0, 1;
L_0x56491af28290 .part L_0x56491af25600, 3, 1;
L_0x56491af285e0 .part L_0x56491af25600, 2, 1;
L_0x56491af28790 .part L_0x56491af25600, 1, 1;
L_0x56491af28c10 .part L_0x56491af25600, 3, 1;
L_0x56491af28cb0 .part L_0x56491af25600, 2, 1;
L_0x56491af29040 .part L_0x56491af25600, 1, 1;
L_0x56491af291f0 .part L_0x56491af25600, 0, 1;
L_0x56491af29d50 .part v0x56491af250b0_0, 0, 1;
L_0x56491af29df0 .part v0x56491af25190_0, 0, 1;
L_0x56491af2a300 .part v0x56491af250b0_0, 1, 1;
L_0x56491af2a430 .part v0x56491af25190_0, 1, 1;
L_0x56491af2ab10 .part v0x56491af250b0_0, 2, 1;
L_0x56491af2ac40 .part v0x56491af25190_0, 2, 1;
L_0x56491af2b1e0 .part v0x56491af250b0_0, 3, 1;
L_0x56491af2b310 .part v0x56491af25190_0, 3, 1;
L_0x56491af2b580 .concat8 [ 1 1 1 1], L_0x56491af29940, L_0x56491af2a010, L_0x56491af2a6f0, L_0x56491af2a5d0;
S_0x56491aed7ff0 .scope module, "u0" "full_adder" 4 21, 5 3 0, S_0x56491aef54a0;
 .timescale 0 0;
    .port_info 0 /INPUT 1 "x";
    .port_info 1 /INPUT 1 "y";
    .port_info 2 /INPUT 1 "cin";
    .port_info 3 /OUTPUT 1 "sum";
    .port_info 4 /OUTPUT 1 "cout";
L_0x56491af298d0 .functor XOR 1, L_0x56491af29d50, L_0x56491af29df0, C4<0>, C4<0>;
L_0x56491af29940 .functor XOR 1, L_0x56491af298d0, v0x56491af25260_0, C4<0>, C4<0>;
L_0x56491af29a00 .functor AND 1, L_0x56491af29d50, L_0x56491af29df0, C4<1>, C4<1>;
L_0x56491af29b10 .functor XOR 1, L_0x56491af29d50, L_0x56491af29df0, C4<0>, C4<0>;
L_0x56491af29b80 .functor AND 1, v0x56491af25260_0, L_0x56491af29b10, C4<1>, C4<1>;
L_0x56491af29c40 .functor OR 1, L_0x56491af29a00, L_0x56491af29b80, C4<0>, C4<0>;
v0x56491aefeca0_0 .net *"_ivl_0", 0 0, L_0x56491af298d0;  1 drivers
v0x56491aefc7c0_0 .net *"_ivl_4", 0 0, L_0x56491af29a00;  1 drivers
v0x56491aefa2e0_0 .net *"_ivl_6", 0 0, L_0x56491af29b10;  1 drivers
v0x56491aef7da0_0 .net *"_ivl_8", 0 0, L_0x56491af29b80;  1 drivers
v0x56491af1ed00_0 .net "cin", 0 0, v0x56491af25260_0;  alias, 1 drivers
v0x56491af1ee10_0 .net "cout", 0 0, L_0x56491af29c40;  1 drivers
v0x56491af1eed0_0 .net "sum", 0 0, L_0x56491af29940;  1 drivers
v0x56491af1ef90_0 .net "x", 0 0, L_0x56491af29d50;  1 drivers
v0x56491af1f050_0 .net "y", 0 0, L_0x56491af29df0;  1 drivers
S_0x56491af1f1b0 .scope module, "u1" "full_adder" 4 22, 5 3 0, S_0x56491aef54a0;
 .timescale 0 0;
    .port_info 0 /INPUT 1 "x";
    .port_info 1 /INPUT 1 "y";
    .port_info 2 /INPUT 1 "cin";
    .port_info 3 /OUTPUT 1 "sum";
    .port_info 4 /OUTPUT 1 "cout";
L_0x56491af29fa0 .functor XOR 1, L_0x56491af2a300, L_0x56491af2a430, C4<0>, C4<0>;
L_0x56491af2a010 .functor XOR 1, L_0x56491af29fa0, L_0x56491af25910, C4<0>, C4<0>;
L_0x56491af2a080 .functor AND 1, L_0x56491af2a300, L_0x56491af2a430, C4<1>, C4<1>;
L_0x56491af2a0f0 .functor XOR 1, L_0x56491af2a300, L_0x56491af2a430, C4<0>, C4<0>;
L_0x56491af2a190 .functor AND 1, L_0x56491af25910, L_0x56491af2a0f0, C4<1>, C4<1>;
L_0x56491af2a200 .functor OR 1, L_0x56491af2a080, L_0x56491af2a190, C4<0>, C4<0>;
v0x56491af1f360_0 .net *"_ivl_0", 0 0, L_0x56491af29fa0;  1 drivers
v0x56491af1f440_0 .net *"_ivl_4", 0 0, L_0x56491af2a080;  1 drivers
v0x56491af1f520_0 .net *"_ivl_6", 0 0, L_0x56491af2a0f0;  1 drivers
v0x56491af1f5e0_0 .net *"_ivl_8", 0 0, L_0x56491af2a190;  1 drivers
v0x56491af1f6c0_0 .net "cin", 0 0, L_0x56491af25910;  alias, 1 drivers
v0x56491af1f7d0_0 .net "cout", 0 0, L_0x56491af2a200;  1 drivers
v0x56491af1f890_0 .net "sum", 0 0, L_0x56491af2a010;  1 drivers
v0x56491af1f950_0 .net "x", 0 0, L_0x56491af2a300;  1 drivers
v0x56491af1fa10_0 .net "y", 0 0, L_0x56491af2a430;  1 drivers
S_0x56491af1fb70 .scope module, "u2" "full_adder" 4 23, 5 3 0, S_0x56491aef54a0;
 .timescale 0 0;
    .port_info 0 /INPUT 1 "x";
    .port_info 1 /INPUT 1 "y";
    .port_info 2 /INPUT 1 "cin";
    .port_info 3 /OUTPUT 1 "sum";
    .port_info 4 /OUTPUT 1 "cout";
L_0x56491af2a680 .functor XOR 1, L_0x56491af2ab10, L_0x56491af2ac40, C4<0>, C4<0>;
L_0x56491af2a6f0 .functor XOR 1, L_0x56491af2a680, L_0x56491af26330, C4<0>, C4<0>;
L_0x56491af2a760 .functor AND 1, L_0x56491af2ab10, L_0x56491af2ac40, C4<1>, C4<1>;
L_0x56491af2a820 .functor XOR 1, L_0x56491af2ab10, L_0x56491af2ac40, C4<0>, C4<0>;
L_0x56491af2a8c0 .functor AND 1, L_0x56491af26330, L_0x56491af2a820, C4<1>, C4<1>;
L_0x56491af2a9c0 .functor OR 1, L_0x56491af2a760, L_0x56491af2a8c0, C4<0>, C4<0>;
v0x56491af1fd30_0 .net *"_ivl_0", 0 0, L_0x56491af2a680;  1 drivers
v0x56491af1fe10_0 .net *"_ivl_4", 0 0, L_0x56491af2a760;  1 drivers
v0x56491af1fef0_0 .net *"_ivl_6", 0 0, L_0x56491af2a820;  1 drivers
v0x56491af1ffe0_0 .net *"_ivl_8", 0 0, L_0x56491af2a8c0;  1 drivers
v0x56491af200c0_0 .net "cin", 0 0, L_0x56491af26330;  alias, 1 drivers
v0x56491af201d0_0 .net "cout", 0 0, L_0x56491af2a9c0;  1 drivers
v0x56491af20290_0 .net "sum", 0 0, L_0x56491af2a6f0;  1 drivers
v0x56491af20350_0 .net "x", 0 0, L_0x56491af2ab10;  1 drivers
v0x56491af20410_0 .net "y", 0 0, L_0x56491af2ac40;  1 drivers
S_0x56491af20600 .scope module, "u3" "full_adder" 4 24, 5 3 0, S_0x56491aef54a0;
 .timescale 0 0;
    .port_info 0 /INPUT 1 "x";
    .port_info 1 /INPUT 1 "y";
    .port_info 2 /INPUT 1 "cin";
    .port_info 3 /OUTPUT 1 "sum";
    .port_info 4 /OUTPUT 1 "cout";
L_0x56491af2a560 .functor XOR 1, L_0x56491af2b1e0, L_0x56491af2b310, C4<0>, C4<0>;
L_0x56491af2a5d0 .functor XOR 1, L_0x56491af2a560, L_0x56491af274a0, C4<0>, C4<0>;
L_0x56491af2aea0 .functor AND 1, L_0x56491af2b1e0, L_0x56491af2b310, C4<1>, C4<1>;
L_0x56491af2af60 .functor XOR 1, L_0x56491af2b1e0, L_0x56491af2b310, C4<0>, C4<0>;
L_0x56491af2afd0 .functor AND 1, L_0x56491af274a0, L_0x56491af2af60, C4<1>, C4<1>;
L_0x56491af2b0d0 .functor OR 1, L_0x56491af2aea0, L_0x56491af2afd0, C4<0>, C4<0>;
v0x56491af20790_0 .net *"_ivl_0", 0 0, L_0x56491af2a560;  1 drivers
v0x56491af20890_0 .net *"_ivl_4", 0 0, L_0x56491af2aea0;  1 drivers
v0x56491af20970_0 .net *"_ivl_6", 0 0, L_0x56491af2af60;  1 drivers
v0x56491af20a60_0 .net *"_ivl_8", 0 0, L_0x56491af2afd0;  1 drivers
v0x56491af20b40_0 .net "cin", 0 0, L_0x56491af274a0;  alias, 1 drivers
v0x56491af20c50_0 .net "cout", 0 0, L_0x56491af2b0d0;  1 drivers
v0x56491af20d10_0 .net "sum", 0 0, L_0x56491af2a5d0;  1 drivers
v0x56491af20dd0_0 .net "x", 0 0, L_0x56491af2b1e0;  1 drivers
v0x56491af20e90_0 .net "y", 0 0, L_0x56491af2b310;  1 drivers
    .scope S_0x56491aeda9c0;
T_0 ;
    %pushi/vec4 0, 0, 4;
    %store/vec4 v0x56491af250b0_0, 0, 4;
    %pushi/vec4 0, 0, 4;
    %store/vec4 v0x56491af25190_0, 0, 4;
    %pushi/vec4 0, 0, 1;
    %store/vec4 v0x56491af25260_0, 0, 1;
    %delay 10000, 0;
    %vpi_call/w 3 15 "$display", "a=%b, b=%b, cin=%b, sum=%b, cout=%b", v0x56491af250b0_0, v0x56491af25190_0, v0x56491af25260_0, v0x56491af253d0_0, v0x56491af25330_0 {0 0 0};
    %pushi/vec4 1, 0, 4;
    %store/vec4 v0x56491af250b0_0, 0, 4;
    %pushi/vec4 1, 0, 4;
    %store/vec4 v0x56491af25190_0, 0, 4;
    %pushi/vec4 0, 0, 1;
    %store/vec4 v0x56491af25260_0, 0, 1;
    %delay 10000, 0;
    %vpi_call/w 3 19 "$display", "a=%b, b=%b, cin=%b, sum=%b, cout=%b", v0x56491af250b0_0, v0x56491af25190_0, v0x56491af25260_0, v0x56491af253d0_0, v0x56491af25330_0 {0 0 0};
    %pushi/vec4 2, 0, 4;
    %store/vec4 v0x56491af250b0_0, 0, 4;
    %pushi/vec4 5, 0, 4;
    %store/vec4 v0x56491af25190_0, 0, 4;
    %pushi/vec4 1, 0, 1;
    %store/vec4 v0x56491af25260_0, 0, 1;
    %delay 10000, 0;
    %vpi_call/w 3 23 "$display", "a=%b, b=%b, cin=%b, sum=%b, cout=%b", v0x56491af250b0_0, v0x56491af25190_0, v0x56491af25260_0, v0x56491af253d0_0, v0x56491af25330_0 {0 0 0};
    %pushi/vec4 15, 0, 4;
    %store/vec4 v0x56491af250b0_0, 0, 4;
    %pushi/vec4 1, 0, 4;
    %store/vec4 v0x56491af25190_0, 0, 4;
    %pushi/vec4 0, 0, 1;
    %store/vec4 v0x56491af25260_0, 0, 1;
    %delay 10000, 0;
    %vpi_call/w 3 27 "$display", "a=%b, b=%b, cin=%b, sum=%b, cout=%b", v0x56491af250b0_0, v0x56491af25190_0, v0x56491af25260_0, v0x56491af253d0_0, v0x56491af25330_0 {0 0 0};
    %vpi_call/w 3 29 "$finish" {0 0 0};
    %end;
    .thread T_0;
# The file index is used to find the file name in the following table.
:file_names 6;
    "N/A";
    "<interactive>";
    "-";
    "sim/tb_cla.sv";
    "rtl/cla.sv";
    "rtl/full_adder.sv";
