#! /usr/bin/vvp
:ivl_version "12.0 (stable)";
:ivl_delay_selection "TYPICAL";
:vpi_time_precision - 12;
:vpi_module "/usr/lib/x86_64-linux-gnu/ivl/system.vpi";
:vpi_module "/usr/lib/x86_64-linux-gnu/ivl/vhdl_sys.vpi";
:vpi_module "/usr/lib/x86_64-linux-gnu/ivl/vhdl_textio.vpi";
:vpi_module "/usr/lib/x86_64-linux-gnu/ivl/v2005_math.vpi";
:vpi_module "/usr/lib/x86_64-linux-gnu/ivl/va_math.vpi";
:vpi_module "/usr/lib/x86_64-linux-gnu/ivl/v2009.vpi";
S_0x55bdce007020 .scope package, "$unit" "$unit" 2 1;
 .timescale 0 0;
S_0x55bdce00c600 .scope module, "tb_ripple_carry_adder" "tb_ripple_carry_adder" 3 5;
 .timescale -9 -12;
v0x55bdce03a7b0_0 .var "a", 3 0;
v0x55bdce03a890_0 .var "b", 3 0;
v0x55bdce03a930_0 .var "cin", 0 0;
v0x55bdce03aa50_0 .net "cout", 0 0, L_0x55bdce03c720;  1 drivers
v0x55bdce03ab40_0 .net "sum", 3 0, L_0x55bdce03cad0;  1 drivers
S_0x55bdce0153f0 .scope module, "dut" "ripple_carry_adder" 3 12, 4 3 0, S_0x55bdce00c600;
 .timescale 0 0;
    .port_info 0 /INPUT 4 "x";
    .port_info 1 /INPUT 4 "y";
    .port_info 2 /INPUT 1 "cin";
    .port_info 3 /OUTPUT 4 "sum";
    .port_info 4 /OUTPUT 1 "cout";
P_0x55bdce015580 .param/l "N" 0 4 3, +C4<00000000000000000000000000000100>;
v0x55bdce03a0a0_0 .net "c0", 0 0, L_0x55bdce03b070;  1 drivers
v0x55bdce03a160_0 .net "c1", 0 0, L_0x55bdce03b800;  1 drivers
v0x55bdce03a270_0 .net "c2", 0 0, L_0x55bdce03bf20;  1 drivers
v0x55bdce03a360_0 .net "cin", 0 0, v0x55bdce03a930_0;  1 drivers
v0x55bdce03a400_0 .net "cout", 0 0, L_0x55bdce03c720;  alias, 1 drivers
v0x55bdce03a4f0_0 .net "sum", 3 0, L_0x55bdce03cad0;  alias, 1 drivers
v0x55bdce03a590_0 .net "x", 3 0, v0x55bdce03a7b0_0;  1 drivers
v0x55bdce03a630_0 .net "y", 3 0, v0x55bdce03a890_0;  1 drivers
L_0x55bdce03b1c0 .part v0x55bdce03a7b0_0, 0, 1;
L_0x55bdce03b2f0 .part v0x55bdce03a890_0, 0, 1;
L_0x55bdce03b950 .part v0x55bdce03a7b0_0, 1, 1;
L_0x55bdce03ba80 .part v0x55bdce03a890_0, 1, 1;
L_0x55bdce03c070 .part v0x55bdce03a7b0_0, 2, 1;
L_0x55bdce03c230 .part v0x55bdce03a890_0, 2, 1;
L_0x55bdce03c820 .part v0x55bdce03a7b0_0, 3, 1;
L_0x55bdce03c950 .part v0x55bdce03a890_0, 3, 1;
L_0x55bdce03cad0 .concat8 [ 1 1 1 1], L_0x55bdce03acd0, L_0x55bdce03b490, L_0x55bdce03bc50, L_0x55bdce03c4a0;
S_0x55bdce015620 .scope module, "u0" "full_adder" 4 12, 5 3 0, S_0x55bdce0153f0;
 .timescale 0 0;
    .port_info 0 /INPUT 1 "x";
    .port_info 1 /INPUT 1 "y";
    .port_info 2 /INPUT 1 "cin";
    .port_info 3 /OUTPUT 1 "sum";
    .port_info 4 /OUTPUT 1 "cout";
L_0x55bdce03ac30 .functor XOR 1, L_0x55bdce03b1c0, L_0x55bdce03b2f0, C4<0>, C4<0>;
L_0x55bdce03acd0 .functor XOR 1, L_0x55bdce03ac30, v0x55bdce03a930_0, C4<0>, C4<0>;
L_0x55bdce03adc0 .functor AND 1, L_0x55bdce03b1c0, L_0x55bdce03b2f0, C4<1>, C4<1>;
L_0x55bdce03aed0 .functor XOR 1, L_0x55bdce03b1c0, L_0x55bdce03b2f0, C4<0>, C4<0>;
L_0x55bdce03af70 .functor AND 1, v0x55bdce03a930_0, L_0x55bdce03aed0, C4<1>, C4<1>;
L_0x55bdce03b070 .functor OR 1, L_0x55bdce03adc0, L_0x55bdce03af70, C4<0>, C4<0>;
v0x55bdce00e580_0 .net *"_ivl_0", 0 0, L_0x55bdce03ac30;  1 drivers
v0x55bdce00c050_0 .net *"_ivl_4", 0 0, L_0x55bdce03adc0;  1 drivers
v0x55bdce009bb0_0 .net *"_ivl_6", 0 0, L_0x55bdce03aed0;  1 drivers
v0x55bdce007740_0 .net *"_ivl_8", 0 0, L_0x55bdce03af70;  1 drivers
v0x55bdce037d50_0 .net "cin", 0 0, v0x55bdce03a930_0;  alias, 1 drivers
v0x55bdce037e60_0 .net "cout", 0 0, L_0x55bdce03b070;  alias, 1 drivers
v0x55bdce037f20_0 .net "sum", 0 0, L_0x55bdce03acd0;  1 drivers
v0x55bdce037fe0_0 .net "x", 0 0, L_0x55bdce03b1c0;  1 drivers
v0x55bdce0380a0_0 .net "y", 0 0, L_0x55bdce03b2f0;  1 drivers
S_0x55bdce038200 .scope module, "u1" "full_adder" 4 16, 5 3 0, S_0x55bdce0153f0;
 .timescale 0 0;
    .port_info 0 /INPUT 1 "x";
    .port_info 1 /INPUT 1 "y";
    .port_info 2 /INPUT 1 "cin";
    .port_info 3 /OUTPUT 1 "sum";
    .port_info 4 /OUTPUT 1 "cout";
L_0x55bdce03b420 .functor XOR 1, L_0x55bdce03b950, L_0x55bdce03ba80, C4<0>, C4<0>;
L_0x55bdce03b490 .functor XOR 1, L_0x55bdce03b420, L_0x55bdce03b070, C4<0>, C4<0>;
L_0x55bdce03b5e0 .functor AND 1, L_0x55bdce03b950, L_0x55bdce03ba80, C4<1>, C4<1>;
L_0x55bdce03b6a0 .functor XOR 1, L_0x55bdce03b950, L_0x55bdce03ba80, C4<0>, C4<0>;
L_0x55bdce03b740 .functor AND 1, L_0x55bdce03b070, L_0x55bdce03b6a0, C4<1>, C4<1>;
L_0x55bdce03b800 .functor OR 1, L_0x55bdce03b5e0, L_0x55bdce03b740, C4<0>, C4<0>;
v0x55bdce0383b0_0 .net *"_ivl_0", 0 0, L_0x55bdce03b420;  1 drivers
v0x55bdce038490_0 .net *"_ivl_4", 0 0, L_0x55bdce03b5e0;  1 drivers
v0x55bdce038570_0 .net *"_ivl_6", 0 0, L_0x55bdce03b6a0;  1 drivers
v0x55bdce038630_0 .net *"_ivl_8", 0 0, L_0x55bdce03b740;  1 drivers
v0x55bdce038710_0 .net "cin", 0 0, L_0x55bdce03b070;  alias, 1 drivers
v0x55bdce038800_0 .net "cout", 0 0, L_0x55bdce03b800;  alias, 1 drivers
v0x55bdce0388a0_0 .net "sum", 0 0, L_0x55bdce03b490;  1 drivers
v0x55bdce038960_0 .net "x", 0 0, L_0x55bdce03b950;  1 drivers
v0x55bdce038a20_0 .net "y", 0 0, L_0x55bdce03ba80;  1 drivers
S_0x55bdce038bb0 .scope module, "u2" "full_adder" 4 20, 5 3 0, S_0x55bdce0153f0;
 .timescale 0 0;
    .port_info 0 /INPUT 1 "x";
    .port_info 1 /INPUT 1 "y";
    .port_info 2 /INPUT 1 "cin";
    .port_info 3 /OUTPUT 1 "sum";
    .port_info 4 /OUTPUT 1 "cout";
L_0x55bdce03bbe0 .functor XOR 1, L_0x55bdce03c070, L_0x55bdce03c230, C4<0>, C4<0>;
L_0x55bdce03bc50 .functor XOR 1, L_0x55bdce03bbe0, L_0x55bdce03b800, C4<0>, C4<0>;
L_0x55bdce03bd50 .functor AND 1, L_0x55bdce03c070, L_0x55bdce03c230, C4<1>, C4<1>;
L_0x55bdce03bdc0 .functor XOR 1, L_0x55bdce03c070, L_0x55bdce03c230, C4<0>, C4<0>;
L_0x55bdce03be60 .functor AND 1, L_0x55bdce03b800, L_0x55bdce03bdc0, C4<1>, C4<1>;
L_0x55bdce03bf20 .functor OR 1, L_0x55bdce03bd50, L_0x55bdce03be60, C4<0>, C4<0>;
v0x55bdce038d70_0 .net *"_ivl_0", 0 0, L_0x55bdce03bbe0;  1 drivers
v0x55bdce038e50_0 .net *"_ivl_4", 0 0, L_0x55bdce03bd50;  1 drivers
v0x55bdce038f30_0 .net *"_ivl_6", 0 0, L_0x55bdce03bdc0;  1 drivers
v0x55bdce039020_0 .net *"_ivl_8", 0 0, L_0x55bdce03be60;  1 drivers
v0x55bdce039100_0 .net "cin", 0 0, L_0x55bdce03b800;  alias, 1 drivers
v0x55bdce0391f0_0 .net "cout", 0 0, L_0x55bdce03bf20;  alias, 1 drivers
v0x55bdce039290_0 .net "sum", 0 0, L_0x55bdce03bc50;  1 drivers
v0x55bdce039350_0 .net "x", 0 0, L_0x55bdce03c070;  1 drivers
v0x55bdce039410_0 .net "y", 0 0, L_0x55bdce03c230;  1 drivers
S_0x55bdce039630 .scope module, "u3" "full_adder" 4 24, 5 3 0, S_0x55bdce0153f0;
 .timescale 0 0;
    .port_info 0 /INPUT 1 "x";
    .port_info 1 /INPUT 1 "y";
    .port_info 2 /INPUT 1 "cin";
    .port_info 3 /OUTPUT 1 "sum";
    .port_info 4 /OUTPUT 1 "cout";
L_0x55bdce03c430 .functor XOR 1, L_0x55bdce03c820, L_0x55bdce03c950, C4<0>, C4<0>;
L_0x55bdce03c4a0 .functor XOR 1, L_0x55bdce03c430, L_0x55bdce03bf20, C4<0>, C4<0>;
L_0x55bdce03c5a0 .functor AND 1, L_0x55bdce03c820, L_0x55bdce03c950, C4<1>, C4<1>;
L_0x55bdce03c610 .functor XOR 1, L_0x55bdce03c820, L_0x55bdce03c950, C4<0>, C4<0>;
L_0x55bdce03c6b0 .functor AND 1, L_0x55bdce03bf20, L_0x55bdce03c610, C4<1>, C4<1>;
L_0x55bdce03c720 .functor OR 1, L_0x55bdce03c5a0, L_0x55bdce03c6b0, C4<0>, C4<0>;
v0x55bdce0397c0_0 .net *"_ivl_0", 0 0, L_0x55bdce03c430;  1 drivers
v0x55bdce0398c0_0 .net *"_ivl_4", 0 0, L_0x55bdce03c5a0;  1 drivers
v0x55bdce0399a0_0 .net *"_ivl_6", 0 0, L_0x55bdce03c610;  1 drivers
v0x55bdce039a90_0 .net *"_ivl_8", 0 0, L_0x55bdce03c6b0;  1 drivers
v0x55bdce039b70_0 .net "cin", 0 0, L_0x55bdce03bf20;  alias, 1 drivers
v0x55bdce039c60_0 .net "cout", 0 0, L_0x55bdce03c720;  alias, 1 drivers
v0x55bdce039d00_0 .net "sum", 0 0, L_0x55bdce03c4a0;  1 drivers
v0x55bdce039dc0_0 .net "x", 0 0, L_0x55bdce03c820;  1 drivers
v0x55bdce039e80_0 .net "y", 0 0, L_0x55bdce03c950;  1 drivers
    .scope S_0x55bdce00c600;
T_0 ;
    %pushi/vec4 0, 0, 4;
    %store/vec4 v0x55bdce03a7b0_0, 0, 4;
    %pushi/vec4 0, 0, 4;
    %store/vec4 v0x55bdce03a890_0, 0, 4;
    %pushi/vec4 0, 0, 1;
    %store/vec4 v0x55bdce03a930_0, 0, 1;
    %delay 10000, 0;
    %vpi_call/w 3 19 "$display", "a=%b b=%b, sum=%b, cout=%b", v0x55bdce03a7b0_0, v0x55bdce03a890_0, v0x55bdce03ab40_0, v0x55bdce03aa50_0 {0 0 0};
    %pushi/vec4 2, 0, 4;
    %store/vec4 v0x55bdce03a7b0_0, 0, 4;
    %pushi/vec4 6, 0, 4;
    %store/vec4 v0x55bdce03a890_0, 0, 4;
    %pushi/vec4 1, 0, 1;
    %store/vec4 v0x55bdce03a930_0, 0, 1;
    %delay 10000, 0;
    %vpi_call/w 3 23 "$display", "a=%b b=%b, sum=%b, cout=%b", v0x55bdce03a7b0_0, v0x55bdce03a890_0, v0x55bdce03ab40_0, v0x55bdce03aa50_0 {0 0 0};
    %pushi/vec4 15, 0, 4;
    %store/vec4 v0x55bdce03a7b0_0, 0, 4;
    %pushi/vec4 1, 0, 4;
    %store/vec4 v0x55bdce03a890_0, 0, 4;
    %pushi/vec4 0, 0, 1;
    %store/vec4 v0x55bdce03a930_0, 0, 1;
    %delay 10000, 0;
    %vpi_call/w 3 27 "$display", "a=%b b=%b, sum=%b, cout=%b", v0x55bdce03a7b0_0, v0x55bdce03a890_0, v0x55bdce03ab40_0, v0x55bdce03aa50_0 {0 0 0};
    %vpi_call/w 3 30 "$finish" {0 0 0};
    %end;
    .thread T_0;
# The file index is used to find the file name in the following table.
:file_names 6;
    "N/A";
    "<interactive>";
    "-";
    "sim/tb_ripple_carry_adder.sv";
    "rtl/ripple_carry_adder.sv";
    "rtl/full_adder.sv";
